Test Report - 2025-04-04_16-34-54
==================================================

Total Tests Run: 15
Successful: 13
Failed: 2
Errors: 0
Run Time: 0:00:00.230384

Failed Tests:
--------------------
test_index_page (test_app.TestImageResizerApp.test_index_page)
Traceback (most recent call last):
  File "/Users/ganeshbollem/Documents/image-resizer-app/tests/test_app.py", line 32, in test_index_page
    self.assertEqual(response.status_code, 200)
AssertionError: 500 != 200


test_convert_to_pdf_success (test_pdf.TestPDFConversion.test_convert_to_pdf_success)
Traceback (most recent call last):
  File "/Users/ganeshbollem/Documents/image-resizer-app/tests/test_pdf.py", line 151, in test_convert_to_pdf_success
    self.assertTrue(os.path.exists(pdf_path))
AssertionError: False is not true


