Test Report - 2025-04-04_16-37-47
==================================================

Total Tests Run: 15
Successful: 14
Failed: 1
Errors: 0
Run Time: 0:00:00.224956

Failed Tests:
--------------------
test_index_page (test_app.TestImageResizerApp.test_index_page)
Traceback (most recent call last):
  File "/Users/ganeshbollem/Documents/image-resizer-app/tests/test_app.py", line 32, in test_index_page
    self.assertEqual(response.status_code, 200)
AssertionError: 500 != 200


